Using pre-set license

 COMMAND LINE ARGUMENTS:
/Applications/Unity/Hub/Editor/2020.3.10f1/Unity.app/Contents/MacOS/Unity
-adb2
-batchMode
-noUpm
-name
AssetImportWorker0
-projectPath
/Users/valnunez/Documents/Unity Projects/Classic Games/Snake/Project
-logFile
Logs/AssetImportWorker0.log
-srvPort
63665
Successfully changed project path to: /Users/valnunez/Documents/Unity Projects/Classic Games/Snake/Project
/Users/valnunez/Documents/Unity Projects/Classic Games/Snake/Project
Using Asset Import Pipeline V2.
Refreshing native plugins compatible for Editor in 47.26 ms, found 3 plugins.
Preloading 0 native plugins for Editor in 0.00 ms.
Initialize engine version: 2020.3.10f1 (297d780c91bc)
[Subsystems] Discovering subsystems at path /Applications/Unity/Hub/Editor/2020.3.10f1/Unity.app/Contents/Resources/UnitySubsystems
[Subsystems] Discovering subsystems at path /Users/valnunez/Documents/Unity Projects/Classic Games/Snake/Project/Assets
GfxDevice: creating device client; threaded=0
2021-06-28 19:20:02.838 Unity[11851:3171425] Color LCD preferred device: AMD Radeon R9 M370X (high power)
2021-06-28 19:20:02.838 Unity[11851:3171425] Metal devices available: 2
2021-06-28 19:20:02.839 Unity[11851:3171425] 0: AMD Radeon R9 M370X (high power)
2021-06-28 19:20:02.839 Unity[11851:3171425] 1: Intel Iris Pro Graphics (low power)
2021-06-28 19:20:02.839 Unity[11851:3171425] Using device AMD Radeon R9 M370X (high power)
Initializing Metal device caps: AMD Radeon R9 M370X
Initialize mono
Mono path[0] = '/Applications/Unity/Hub/Editor/2020.3.10f1/Unity.app/Contents/Managed'
Mono path[1] = '/Applications/Unity/Hub/Editor/2020.3.10f1/Unity.app/Contents/MonoBleedingEdge/lib/mono/unityjit'
Mono config path = '/Applications/Unity/Hub/Editor/2020.3.10f1/Unity.app/Contents/MonoBleedingEdge/etc'
Using monoOptions --debugger-agent=transport=dt_socket,embedding=1,server=y,suspend=n,address=127.0.0.1:56851
Begin MonoManager ReloadAssembly
Registering precompiled unity dll's ...
Register platform support module: /Applications/Unity/Hub/Editor/2020.3.10f1/PlaybackEngines/WebGLSupport/UnityEditor.WebGL.Extensions.dll
Register platform support module: /Applications/Unity/Hub/Editor/2020.3.10f1/Unity.app/Contents/PlaybackEngines/MacStandaloneSupport/UnityEditor.OSXStandalone.Extensions.dll
Registered in 0.001002 seconds.
Native extension for OSXStandalone target not found
Native extension for WebGL target not found
Refreshing native plugins compatible for Editor in 48.97 ms, found 3 plugins.
Preloading 0 native plugins for Editor in 0.00 ms.
Mono: successfully reloaded assembly
- Completed reload, in  2.276 seconds
Platform modules already initialized, skipping
Registering precompiled user dll's ...
Registered in 0.001927 seconds.
Begin MonoManager ReloadAssembly
Native extension for OSXStandalone target not found
Native extension for WebGL target not found
Refreshing native plugins compatible for Editor in 47.66 ms, found 3 plugins.
Preloading 0 native plugins for Editor in 0.00 ms.
Mono: successfully reloaded assembly
- Completed reload, in  1.492 seconds
Platform modules already initialized, skipping
========================================================================
Worker process is ready to serve import requests
Launching external process: /Applications/Unity/Hub/Editor/2020.3.10f1/Unity.app/Contents/Tools/UnityShaderCompiler
Launched and connected shader compiler UnityShaderCompiler after 0.01 seconds
Refreshing native plugins compatible for Editor in 0.46 ms, found 3 plugins.
Preloading 0 native plugins for Editor in 0.00 ms.
Unloading 2081 Unused Serialized files (Serialized files now loaded: 0)
System memory in use before: 170.9 MB.
System memory in use after: 170.9 MB.

Unloading 33 unused Assets to reduce memory usage. Loaded Objects now: 2514.
Total: 2.765900 ms (FindLiveObjects: 0.302011 ms CreateObjectMapping: 0.076945 ms MarkObjects: 2.227674 ms  DeleteObjects: 0.158147 ms)

========================================================================
Received Import Request.
  path: Assets/Prefabs/SnakeSegment.prefab
  artifactKey: Guid(ec3caa085c925421a8d5ee7d6538f3dc) Importer(815301076,1909f56bfc062723c751e8b465ee728b)
Start importing Assets/Prefabs/SnakeSegment.prefab using Guid(ec3caa085c925421a8d5ee7d6538f3dc) Importer(815301076,1909f56bfc062723c751e8b465ee728b)  -> (artifact id: '1d7341139a5f5ae88f979fc8c16be1a1') in 1.251908 seconds
  Import took 1.256059 seconds .

========================================================================
Received Import Request.
  Time since last request: 8.882016 seconds.
  path: Assets/Scripts/Snake.cs
  artifactKey: Guid(6ea6404f13b8a4ec0ac8134d4620eb49) Importer(815301076,1909f56bfc062723c751e8b465ee728b)
Start importing Assets/Scripts/Snake.cs using Guid(6ea6404f13b8a4ec0ac8134d4620eb49) Importer(815301076,1909f56bfc062723c751e8b465ee728b)  -> (artifact id: 'b637a1d8b5c9e21f113b85847d2456fd') in 0.325293 seconds
  Import took 0.329237 seconds .

========================================================================
Received Import Request.
  Time since last request: 166.293725 seconds.
  path: Assets/Scripts/Snake.cs
  artifactKey: Guid(6ea6404f13b8a4ec0ac8134d4620eb49) Importer(815301076,1909f56bfc062723c751e8b465ee728b)
Start importing Assets/Scripts/Snake.cs using Guid(6ea6404f13b8a4ec0ac8134d4620eb49) Importer(815301076,1909f56bfc062723c751e8b465ee728b)  -> (artifact id: 'a1ad794b7193c2e5670529f03ef5caf8') in 0.001962 seconds
  Import took 0.006846 seconds .

========================================================================
Received Prepare
Registering precompiled user dll's ...
Registered in 0.002127 seconds.
Begin MonoManager ReloadAssembly
Native extension for OSXStandalone target not found
Native extension for WebGL target not found
Refreshing native plugins compatible for Editor in 0.51 ms, found 3 plugins.
Preloading 0 native plugins for Editor in 0.00 ms.
Mono: successfully reloaded assembly
- Completed reload, in  1.356 seconds
Platform modules already initialized, skipping
Refreshing native plugins compatible for Editor in 0.47 ms, found 3 plugins.
Preloading 0 native plugins for Editor in 0.00 ms.
Unloading 2076 Unused Serialized files (Serialized files now loaded: 0)
System memory in use before: 183.0 MB.
System memory in use after: 183.0 MB.

Unloading 21 unused Assets to reduce memory usage. Loaded Objects now: 2525.
Total: 2.763511 ms (FindLiveObjects: 0.312844 ms CreateObjectMapping: 0.078891 ms MarkObjects: 2.246274 ms  DeleteObjects: 0.124628 ms)

========================================================================
Received Import Request.
  Time since last request: 118.763966 seconds.
  path: Assets/Scripts/Snake.cs
  artifactKey: Guid(6ea6404f13b8a4ec0ac8134d4620eb49) Importer(815301076,1909f56bfc062723c751e8b465ee728b)
Start importing Assets/Scripts/Snake.cs using Guid(6ea6404f13b8a4ec0ac8134d4620eb49) Importer(815301076,1909f56bfc062723c751e8b465ee728b)  -> (artifact id: 'e7c6cc47bf02960d6bb74ae0a0e105bc') in 0.009364 seconds
  Import took 0.016078 seconds .

========================================================================
Received Prepare
Registering precompiled user dll's ...
Registered in 0.002044 seconds.
Begin MonoManager ReloadAssembly
Native extension for OSXStandalone target not found
Native extension for WebGL target not found
Refreshing native plugins compatible for Editor in 0.51 ms, found 3 plugins.
Preloading 0 native plugins for Editor in 0.00 ms.
Mono: successfully reloaded assembly
- Completed reload, in  1.380 seconds
Platform modules already initialized, skipping
Refreshing native plugins compatible for Editor in 0.53 ms, found 3 plugins.
Preloading 0 native plugins for Editor in 0.00 ms.
Unloading 2076 Unused Serialized files (Serialized files now loaded: 0)
System memory in use before: 183.2 MB.
System memory in use after: 183.2 MB.

Unloading 21 unused Assets to reduce memory usage. Loaded Objects now: 2529.
Total: 2.928100 ms (FindLiveObjects: 0.294979 ms CreateObjectMapping: 0.170601 ms MarkObjects: 2.340896 ms  DeleteObjects: 0.120530 ms)

========================================================================
Received Import Request.
  Time since last request: 382.620388 seconds.
  path: Assets/Scripts/Snake.cs
  artifactKey: Guid(6ea6404f13b8a4ec0ac8134d4620eb49) Importer(815301076,1909f56bfc062723c751e8b465ee728b)
Start importing Assets/Scripts/Snake.cs using Guid(6ea6404f13b8a4ec0ac8134d4620eb49) Importer(815301076,1909f56bfc062723c751e8b465ee728b)  -> (artifact id: 'e571b1d59c6ab29a1576a855c21e603b') in 0.007932 seconds
  Import took 0.011886 seconds .

========================================================================
Received Prepare
Registering precompiled user dll's ...
Registered in 0.003063 seconds.
Begin MonoManager ReloadAssembly
Native extension for OSXStandalone target not found
Native extension for WebGL target not found
Refreshing native plugins compatible for Editor in 0.47 ms, found 3 plugins.
Preloading 0 native plugins for Editor in 0.00 ms.
Mono: successfully reloaded assembly
- Completed reload, in  1.333 seconds
Platform modules already initialized, skipping
Refreshing native plugins compatible for Editor in 0.48 ms, found 3 plugins.
Preloading 0 native plugins for Editor in 0.00 ms.
Unloading 2076 Unused Serialized files (Serialized files now loaded: 0)
System memory in use before: 183.5 MB.
System memory in use after: 183.5 MB.

Unloading 21 unused Assets to reduce memory usage. Loaded Objects now: 2533.
Total: 2.985840 ms (FindLiveObjects: 0.328847 ms CreateObjectMapping: 0.085488 ms MarkObjects: 2.439565 ms  DeleteObjects: 0.130888 ms)

========================================================================
Received Import Request.
  Time since last request: 89.229557 seconds.
  path: Assets/Prefabs/SnakeSegment.prefab
  artifactKey: Guid(ec3caa085c925421a8d5ee7d6538f3dc) Importer(815301076,1909f56bfc062723c751e8b465ee728b)
Start importing Assets/Prefabs/SnakeSegment.prefab using Guid(ec3caa085c925421a8d5ee7d6538f3dc) Importer(815301076,1909f56bfc062723c751e8b465ee728b)  -> (artifact id: '3adef97ee0672e883d869fcf8bcc4fa3') in 0.061359 seconds
  Import took 0.066596 seconds .

========================================================================
Received Prepare
Registering precompiled user dll's ...
Registered in 0.002052 seconds.
Begin MonoManager ReloadAssembly
Native extension for OSXStandalone target not found
Native extension for WebGL target not found
Refreshing native plugins compatible for Editor in 0.48 ms, found 3 plugins.
Preloading 0 native plugins for Editor in 0.00 ms.
Mono: successfully reloaded assembly
- Completed reload, in  1.371 seconds
Platform modules already initialized, skipping
Refreshing native plugins compatible for Editor in 0.48 ms, found 3 plugins.
Preloading 0 native plugins for Editor in 0.00 ms.
Unloading 2076 Unused Serialized files (Serialized files now loaded: 0)
System memory in use before: 183.7 MB.
System memory in use after: 183.7 MB.

Unloading 21 unused Assets to reduce memory usage. Loaded Objects now: 2538.
Total: 3.058757 ms (FindLiveObjects: 0.315823 ms CreateObjectMapping: 0.083836 ms MarkObjects: 2.529815 ms  DeleteObjects: 0.128270 ms)

========================================================================
Received Import Request.
  Time since last request: 101.903435 seconds.
  path: Assets/Prefabs/SnakeSegment.prefab
  artifactKey: Guid(ec3caa085c925421a8d5ee7d6538f3dc) Importer(815301076,1909f56bfc062723c751e8b465ee728b)
Start importing Assets/Prefabs/SnakeSegment.prefab using Guid(ec3caa085c925421a8d5ee7d6538f3dc) Importer(815301076,1909f56bfc062723c751e8b465ee728b)  -> (artifact id: 'b1d9853566c1dcd736d20f67027e5ddd') in 0.060813 seconds
  Import took 0.065467 seconds .

========================================================================
Received Prepare
Registering precompiled user dll's ...
Registered in 0.002110 seconds.
Begin MonoManager ReloadAssembly
Native extension for OSXStandalone target not found
Native extension for WebGL target not found
Refreshing native plugins compatible for Editor in 0.48 ms, found 3 plugins.
Preloading 0 native plugins for Editor in 0.00 ms.
Mono: successfully reloaded assembly
- Completed reload, in  1.327 seconds
Platform modules already initialized, skipping
Refreshing native plugins compatible for Editor in 0.50 ms, found 3 plugins.
Preloading 0 native plugins for Editor in 0.00 ms.
Unloading 2076 Unused Serialized files (Serialized files now loaded: 0)
System memory in use before: 184.0 MB.
System memory in use after: 184.0 MB.

Unloading 21 unused Assets to reduce memory usage. Loaded Objects now: 2543.
Total: 2.393108 ms (FindLiveObjects: 0.221471 ms CreateObjectMapping: 0.075630 ms MarkObjects: 1.977588 ms  DeleteObjects: 0.117585 ms)

